3 satposs  : teph= 2020/12/24 22:08:00.005 n=24 ephopt=0
3 estpos  : n=24
3 rescode: rr=0.000 0.000 0.000
3 unhealthy satellite: sat=7 svh=3f
3 rescode: rr=-1521372.453 -5532262.140 4817457.047
3 unhealthy satellite: sat=7 svh=3f
3 rescode: rr=-1286916.211 -4741085.345 4109770.475
3 unhealthy satellite: sat=7 svh=3f
3 rescode: rr=-1276984.245 -4717220.356 4087271.074
3 unhealthy satellite: sat=7 svh=3f
3 rescode: rr=-1276972.186 -4717181.272 4087236.874
3 unhealthy satellite: sat=7 svh=3f
3 rescode: rr=-1276972.184 -4717181.157 4087236.790
3 unhealthy satellite: sat=7 svh=3f
3 rescode: rr=-1276972.184 -4717181.157 4087236.790
3 unhealthy satellite: sat=7 svh=3f
3 init rr: -1276972.18 -4717181.16 4087236.79: 5
3 rtkpos: start solution, dir=1
3 satposs  : teph= 2020/12/24 22:08:00.005 n=24 ephopt=0
3 estpos  : n=24
3 rescode: rr=-1276972.184 -4717181.157 4087236.790
3 unhealthy satellite: sat=7 svh=3f
3 rescode: rr=-1276973.138 -4717202.242 4087252.816
3 unhealthy satellite: sat=7 svh=3f
3 rescode: rr=-1276972.185 -4717181.213 4087236.831
3 unhealthy satellite: sat=7 svh=3f
3 rescode: rr=-1276972.184 -4717181.157 4087236.790
3 unhealthy satellite: sat=7 svh=3f
3 rescode: rr=-1276972.184 -4717181.157 4087236.790
3 unhealthy satellite: sat=7 svh=3f
1 
---------------------------------------------------------
1 relpos: dt=0.005 nu=24 nr=26
1 ---------------------------------------------------------
3 satposs  : teph= 2020/12/24 22:08:00.005 n=24 ephopt=0
3 satposs  : teph= 2020/12/24 22:08:00.000 n=26 ephopt=0
3 base station:
3 zdres: n=26 rr=-1283433.94 -4713073.29 4090105.09
3 sat= 4 rs=   -31639.194 -24805334.721   9427713.301 dts=-0.0001671607 az= 141.7 el= 59.9
3 unhealthy satellite: sat=7 svh=3f
3 sat= 8 rs=  5083626.453 -25892239.660   -944527.723 dts=-0.0000040917 az= 143.7 el= 29.3
3 sat= 9 rs= -9334834.761 -17060450.065  18014783.337 dts=-0.0003052093 az= 289.5 el= 76.3
3 sat=16 rs=  9857429.102 -11095488.722  21775311.845 dts=-0.0002551586 az=  47.4 el= 39.4
3 sat=27 rs= 12305889.405 -20726730.061  10592326.020 dts=-0.0000418400 az=  98.8 el= 37.1
3 sat=30 rs=-24362290.043  -1703188.001  10752734.978 dts=-0.0003578175 az= 277.6 el= 16.1
3 sat=38 rs= -8294761.783 -23976065.566   2490348.901 dts= 0.0001897532 az= 186.8 el= 45.2
3 sat=39 rs=-12375947.055 -13588059.603  17694259.783 dts=-0.0000419300 az= 289.7 el= 63.1
3 sat=40 rs=-10303189.081   3921968.971  23050097.580 dts=-0.0000564558 az= 329.1 el= 19.7
3 sat=41 rs=-11283279.151 -12578149.972  19150223.667 dts= 0.0000148841 az= 303.0 el= 62.7
3 sat=42 rs=-23322513.575  -8592582.712   5552248.085 dts=-0.0000649858 az= 256.1 el= 21.5
3 sat=48 rs=  6984734.502  -9588223.149  22573400.626 dts=-0.0000094939 az=  36.5 el= 41.7
3 sat=60 rs= -8837169.575 -20483062.824  19453746.110 dts=-0.0010103684 az= 281.9 el= 82.1
3 sat=63 rs=-13414752.403 -18052368.465  19240033.086 dts=-0.0006747668 az= 278.6 el= 69.4
3 sat=68 rs=-16814061.543   4324895.623  23968409.226 dts= 0.0058217666 az= 316.3 el= 20.2
3 sat=73 rs=  6525711.917 -28210579.477  -2441249.569 dts=-0.0012706424 az= 143.1 el= 26.8
3 sat=78 rs=  -569116.947 -29561755.774   1336870.088 dts= 0.0001612756 az= 157.5 el= 41.0
3 sat=80 rs= 11053254.946 -12506239.821  24447648.368 dts=-0.0006390822 az=  47.4 el= 40.9
3 sat=90 rs=-24354333.357 -16598221.448   2710672.414 dts=-0.0004767740 az= 237.2 el= 28.8
3 y=
        0.000         8.756         0.000        13.718        14.443         9.589         0.000        13.101         8.447        17.025        14.686        12.752        19.787        10.449        15.143         0.000         0.000         0.000        10.718        10.464         4.696         0.000         9.837         2.270        14.956        12.068
        0.000         0.000         0.000         0.000         0.000         0.000         0.000         0.000         0.000         0.000        23.901        21.163        30.337         0.000        24.883         0.000         0.000         0.000         0.000         0.000         0.000         0.000         0.000         0.000         0.000         0.000
        0.000         2.062         0.000         6.581         2.790         0.778         0.000         4.892         5.241         8.509        10.156        11.562        10.168         4.942         8.538         0.000         0.000         0.000         0.955        -0.192         1.172         0.000         2.271         1.660         2.235         2.973
        0.000         0.000         0.000         0.000         0.000         0.000         0.000         0.000         0.000         0.000        13.474        14.639        12.233         0.000         9.902         0.000         0.000         0.000         0.000         0.000         0.000         0.000         0.000         0.000         0.000         0.000
3 selsat  : nu=24 nr=26
3 before udstate: x=-1276972.1842 -4717181.1566 4087236.7896 0.0000 0.0000 0.0000 0.0000 0.0000 0.0000
3 udstate : ns=19
3 udpos : tt=0.000
3 pos var too high for accel term: 900.0000
3 udbias  : tt=0.000 ns=19
3      sat=  4, F=1: init phase=-22.239
3      sat=  8, F=1: init phase=-10.050
3      sat=  9, F=1: init phase=-66.143
3      sat= 16, F=1: init phase=-47.298
3      sat= 27, F=1: init phase=-38.830
3      sat= 30, F=1: init phase=-140.821
3      sat= 38, F=1: init phase=-61.082
3      sat= 39, F=1: init phase=-15.142
3      sat= 40, F=1: init phase=83.764
3      sat= 41, F=1: init phase=-47.264
3      sat= 42, F=1: init phase=-5.140
3      sat= 48, F=1: init phase=-41.097
3      sat= 60, F=1: init phase=-51.800
3      sat= 63, F=1: init phase=-57.368
3      sat= 68, F=1: init phase=-28.400
3      sat= 73, F=1: init phase=-8.730
3      sat= 78, F=1: init phase=-9.717
3      sat= 80, F=1: init phase=-73.984
3      sat= 90, F=1: init phase=-36.816
3      sat= 39, F=2: init phase=-37.985
3      sat= 40, F=2: init phase=24.598
3      sat= 41, F=2: init phase=-75.978
3      sat= 48, F=2: init phase=-52.096
3 after udstate x=-1276972.1842 -4717181.1566 4087236.7896 0.0000 0.0000 0.0000 0.0000 0.0000 0.0000
3 rover: dt=0.005
3 zdres: n=24 rr=-1276972.18 -4717181.16 4087236.79
3 unhealthy satellite: sat=7 svh=3f
3 y=
        0.000   1640053.760         0.000   1640068.279   1640052.498   1640054.076         0.000   1640058.573   1640049.369   1640064.624   1640071.090   1640099.605   1640068.808   1640078.599   1640065.712         0.000         0.000   1640047.777   1640047.864   1640061.597   1640061.408   1640050.108   1640051.881   1640064.517
        0.000   1640044.233         0.000   1640068.582   1640050.463         0.000         0.000   1640058.642   1640052.254         0.000   1640066.324   1640091.836   1640064.468         0.000   1640064.921         0.000         0.000         0.000         0.000         0.000         0.000         0.000         0.000         0.000
        0.000   1640051.298         0.000   1640063.055   1640053.431   1640054.266         0.000   1640057.753   1640072.960   1640067.554   1640069.389   1640082.773   1640068.040   1640074.057   1640066.801         0.000         0.000   1640047.871   1640048.125   1640063.478   1640055.503   1640051.346   1640053.239   1640062.428
        0.000   1640047.846         0.000   1640060.841   1640050.312         0.000         0.000   1640055.343   1640071.641         0.000   1640065.021   1640079.407   1640064.658         0.000   1640062.478         0.000         0.000         0.000         0.000         0.000         0.000         0.000         0.000         0.000
3 ddres   : dt=0.0050 ns=19
3 sat=  9-  4 L1 v=        1.406 R= 0.000037  0.000042 lock= 0 x=-22.239 P=900.000
3 sat=  9-  8 L1 v=       -5.832 R= 0.000037  0.000093 lock= 0 x=-10.050 P=900.000
3 sat=  9- 16 L1 v=       -2.846 R= 0.000037  0.000063 lock= 0 x=-47.298 P=900.000
3 sat=  9- 27 L1 v=       -2.219 R= 0.000037  0.000067 lock= 0 x=-38.830 P=900.000
3 outlier rejected: (sat=  9- 30 L1 v=      -17.077 x=      -66.143      -140.821 P=900.000000 900.000000)
3 sat=  9-  4 P1 v=        1.406 R= 3.337573  3.782390 lock= 0 x=-22.239 P=900.000
3 sat=  9-  8 P1 v=       -5.832 R= 3.337573  8.352452 lock= 0 x=-10.050 P=900.000
3 sat=  9- 16 P1 v=       -2.846 R= 3.337573  5.637392 lock= 0 x=-47.298 P=900.000
3 sat=  9- 27 P1 v=       -2.219 R= 3.337573  6.047198 lock= 0 x=-38.830 P=900.000
3 sat=  9- 30 P1 v=      -17.077 R= 3.337573 22.897576 lock= 0 x=-140.821 P=900.000
3 sat= 39- 38 L1 v=        0.187 R= 0.000091  0.000121 lock= 0 x=-61.082 P=900.000
3 outlier rejected: (sat= 39- 40 L1 v=      -11.978 x=      -15.142        83.764 P=900.000000 900.000000)
3 sat= 39- 41 L1 v=        1.361 R= 0.000091  0.000092 lock= 0 x=-47.264 P=900.000
3 sat= 39- 42 L1 v=       -9.882 R= 0.000091  0.000343 lock= 0 x=-5.140 P=900.000
3 sat= 39- 48 L1 v=        0.969 R= 0.000091  0.000132 lock= 0 x=-41.097 P=900.000
3 outlier rejected: (sat= 39- 40 L2 v=      -13.221 x=      -37.985        24.598 P=900.000000 900.000000)
3 sat= 39- 41 L2 v=       -0.878 R= 0.000091  0.000092 lock= 0 x=-75.978 P=900.000
3 sat= 39- 48 L2 v=       -1.030 R= 0.000091  0.000132 lock= 0 x=-52.096 P=900.000
3 sat= 39- 38 P1 v=        0.187 R= 8.234324 10.878564 lock= 0 x=-61.082 P=900.000
3 sat= 39- 40 P1 v=      -11.978 R= 8.234324 35.857917 lock= 0 x=83.764 P=900.000
3 sat= 39- 41 P1 v=        1.361 R= 8.234324  8.269360 lock= 0 x=-47.264 P=900.000
3 sat= 39- 42 P1 v=       -9.882 R= 8.234324 30.843959 lock= 0 x=-5.140 P=900.000
3 sat= 39- 48 P1 v=        0.969 R= 8.234324 11.884245 lock= 0 x=-41.097 P=900.000
3 sat= 39- 40 P2 v=      -13.221 R= 8.234324 35.857917 lock= 0 x=24.598 P=900.000
3 sat= 39- 41 P2 v=       -0.878 R= 8.234324  8.269360 lock= 0 x=-75.978 P=900.000
3 sat= 39- 48 P2 v=       -1.030 R= 8.234324 11.884245 lock= 0 x=-52.096 P=900.000
3 sat= 60- 63 L1 v=       -1.401 R= 0.000036  0.000039 lock= 0 x=-57.368 P=900.000
3 outlier rejected: (sat= 60- 68 L1 v=      -15.389 x=      -51.800       -28.400 P=900.000000 900.000000)
3 sat= 60- 73 L1 v=       -6.316 R= 0.000036  0.000106 lock= 0 x=-8.730 P=900.000
3 sat= 60- 78 L1 v=       -2.771 R= 0.000036  0.000060 lock= 0 x=-9.717 P=900.000
3 sat= 60- 80 L1 v=       -4.088 R= 0.000036  0.000060 lock= 0 x=-73.984 P=900.000
3 outlier rejected: (sat= 60- 90 L1 v=      -12.539 x=      -51.800       -36.816 P=900.000000 900.000000)
3 sat= 60- 63 P1 v=       -1.401 R= 3.272206  3.471413 lock= 0 x=-57.368 P=900.000
3 sat= 60- 68 P1 v=      -15.389 R= 3.272206 15.268588 lock= 0 x=-28.400 P=900.000
3 sat= 60- 73 P1 v=       -6.316 R= 3.272206  9.534913 lock= 0 x=-8.730 P=900.000
3 sat= 60- 78 P1 v=       -2.771 R= 3.272206  5.371884 lock= 0 x=-9.717 P=900.000
3 sat= 60- 80 P1 v=       -4.088 R= 3.272206  5.397837 lock= 0 x=-73.984 P=900.000
3 sat= 60- 90 P1 v=      -12.539 R= 3.272206  8.626082 lock= 0 x=-36.816 P=900.000
3 before filter x=-1276972.1842 -4717181.1566 4087236.7896 0.0000 0.0000 0.0000 0.0000 0.0000 0.0000
3 after filter x=-1276971.6823 -4717197.6459 4087248.5280 0.0000 0.0000 0.0000 0.0000 0.0000 0.0000
3 posvar=3.626814 
3 zdres: n=24 rr=-1276971.68 -4717197.65 4087248.53
3 unhealthy satellite: sat=7 svh=3f
3 y=
        0.000   1640072.713         0.000   1640081.223   1640070.401   1640068.653         0.000   1640074.375   1640050.085   1640078.994   1640086.366   1640102.948   1640084.099   1640081.734   1640080.195         0.000         0.000   1640066.536   1640064.498   1640064.463   1640073.710   1640065.221   1640066.806   1640070.996
        0.000   1640063.186         0.000   1640081.526   1640068.366         0.000         0.000   1640074.444   1640052.970         0.000   1640081.600   1640095.179   1640079.759         0.000   1640079.403         0.000         0.000         0.000         0.000         0.000         0.000         0.000         0.000         0.000
        0.000   1640070.251         0.000   1640075.999   1640071.335   1640068.843         0.000   1640073.555   1640073.677   1640081.924   1640084.665   1640086.116   1640083.331   1640077.191   1640081.283         0.000         0.000   1640066.630   1640064.759   1640066.344   1640067.805   1640066.459   1640068.164   1640068.907
        0.000   1640066.799         0.000   1640073.785   1640068.216         0.000         0.000   1640071.145   1640072.358         0.000   1640080.297   1640082.750   1640079.949         0.000   1640076.960         0.000         0.000         0.000         0.000         0.000         0.000         0.000         0.000         0.000
3 ddres   : dt=0.0050 ns=19
3 sat=  9-  4 L1 v=       -0.002 R= 0.000037  0.000042 lock= 0 x=-24.267 P=188.711
3 sat=  9-  8 L1 v=       -0.007 R= 0.000037  0.000093 lock= 0 x=-5.643 P=202.616
3 sat=  9- 16 L1 v=       -0.002 R= 0.000037  0.000063 lock= 0 x=-49.976 P=202.371
3 sat=  9- 27 L1 v=       -0.006 R= 0.000037  0.000067 lock= 0 x=-38.385 P=187.651
3 sat=  9- 30 L1 v=        0.137 R= 0.000037  0.000254 lock= 0 x=-140.821 P=900.000
3 sat=  9-  4 P1 v=        0.356 R= 3.337573  3.782390 lock= 0 x=-24.267 P=188.711
3 sat=  9-  8 P1 v=       -0.873 R= 3.337573  8.352452 lock= 0 x=-5.643 P=202.616
3 sat=  9- 16 P1 v=        0.480 R= 3.337573  5.637392 lock= 0 x=-49.976 P=202.371
3 sat=  9- 27 P1 v=       -0.118 R= 3.337573  6.047198 lock= 0 x=-38.385 P=187.651
3 sat=  9- 30 P1 v=        0.109 R= 3.337573 22.897576 lock= 0 x=-140.821 P=900.000
3 sat= 39- 38 L1 v=       -0.001 R= 0.000091  0.000121 lock= 0 x=-60.033 P=206.264
3 sat= 39- 40 L1 v=       -1.336 R= 0.000091  0.000398 lock= 0 x=83.764 P=900.000
3 sat= 39- 41 L1 v=        0.005 R= 0.000091  0.000092 lock= 0 x=-47.532 P=188.456
3 sat= 39- 42 L1 v=       -0.005 R= 0.000091  0.000343 lock= 0 x=-10.329 P=234.904
3 sat= 39- 48 L1 v=       -0.001 R= 0.000091  0.000132 lock= 0 x=-43.623 P=220.087
3 sat= 39- 40 L2 v=       -0.911 R= 0.000091  0.000398 lock= 0 x=24.598 P=900.000
3 sat= 39- 41 L2 v=        0.005 R= 0.000091  0.000092 lock= 0 x=-73.815 P=301.819
3 sat= 39- 48 L2 v=       -0.001 R= 0.000091  0.000132 lock= 0 x=-52.685 P=311.798
3 sat= 39- 38 P1 v=        1.094 R= 8.234324 10.878564 lock= 0 x=-60.033 P=206.264
3 sat= 39- 40 P1 v=       -0.045 R= 8.234324 35.857917 lock= 0 x=83.764 P=900.000
3 sat= 39- 41 P1 v=        1.346 R= 8.234324  8.269360 lock= 0 x=-47.532 P=188.456
3 sat= 39- 42 P1 v=        2.260 R= 8.234324 30.843959 lock= 0 x=-10.329 P=234.904
3 sat= 39- 48 P1 v=        1.763 R= 8.234324 11.884245 lock= 0 x=-43.623 P=220.087
3 sat= 39- 40 P2 v=       -1.288 R= 8.234324 35.857917 lock= 0 x=24.598 P=900.000
3 sat= 39- 41 P2 v=       -0.893 R= 8.234324  8.269360 lock= 0 x=-73.815 P=301.819
3 sat= 39- 48 P2 v=       -0.236 R= 8.234324 11.884245 lock= 0 x=-52.685 P=311.798
3 sat= 60- 63 L1 v=        0.003 R= 0.000036  0.000039 lock= 0 x=-59.582 P=197.365
3 sat= 60- 68 L1 v=        0.204 R= 0.000036  0.000170 lock= 0 x=-28.400 P=900.000
3 sat= 60- 73 L1 v=       -0.007 R= 0.000036  0.000106 lock= 0 x=-7.938 P=208.771
3 sat= 60- 78 L1 v=       -0.004 R= 0.000036  0.000060 lock= 0 x=-12.763 P=193.846
3 sat= 60- 80 L1 v=       -0.002 R= 0.000036  0.000060 lock= 0 x=-71.088 P=208.580
3 sat= 60- 90 L1 v=       -0.559 R= 0.000036  0.000096 lock= 0 x=-36.816 P=900.000
3 sat= 60- 63 P1 v=        0.724 R= 3.272206  3.471413 lock= 0 x=-59.582 P=197.365
3 sat= 60- 68 P1 v=        0.503 R= 3.272206 15.268588 lock= 0 x=-28.400 P=900.000
3 sat= 60- 73 P1 v=        0.141 R= 3.272206  9.534913 lock= 0 x=-7.938 P=208.771
3 sat= 60- 78 P1 v=        0.875 R= 3.272206  5.371884 lock= 0 x=-12.763 P=193.846
3 sat= 60- 80 P1 v=       -0.254 R= 3.272206  5.397837 lock= 0 x=-71.088 P=208.580
3 sat= 60- 90 P1 v=       -0.259 R= 3.272206  8.626082 lock= 0 x=-36.816 P=900.000
3 valpos  : nv=38 thres=4.0
3 large residual (ix_sat=4  v=0.137 sig=0.017)
3 large residual (ix_sat=11  v=-1.336 sig=0.022)
3 large residual (ix_sat=15  v=-0.911 sig=0.022)
3 large residual (ix_sat=27  v=0.204 sig=0.014)
3 large residual (ix_sat=31  v=-0.559 sig=0.011)
3 posvar=3.626814
3 prevRatios = 0.000 0.000
3 Skip AR
3 sol_rr=    -1276971.682    -4717197.646     4087248.528           0.000           0.000           0.000
1 
---------------------------------------------------------
1 relpos: dt=0.005 nu=24 nr=26
1 ---------------------------------------------------------
3 satposs  : teph= 2020/12/24 22:08:01.005 n=24 ephopt=0
3 satposs  : teph= 2020/12/24 22:08:01.000 n=26 ephopt=0
3 base station:
3 zdres: n=26 rr=-1283433.94 -4713073.29 4090105.09
3 sat= 4 rs=   -31069.921 -24806421.167   9424850.869 dts=-0.0001671607 az= 141.7 el= 59.9
3 unhealthy satellite: sat=7 svh=3f
3 sat= 8 rs=  5083928.785 -25892297.446   -941319.719 dts=-0.0000040917 az= 143.7 el= 29.3
3 sat= 9 rs= -9334166.272 -17062661.625  18013039.397 dts=-0.0003052093 az= 289.5 el= 76.3
3 sat=16 rs=  9859320.990 -11093399.521  21775562.330 dts=-0.0002551586 az=  47.4 el= 39.4
3 sat=27 rs= 12305795.876 -20725336.270  10595156.516 dts=-0.0000418400 az=  98.8 el= 37.1
3 sat=30 rs=-24361053.939  -1703815.881  10755425.291 dts=-0.0003578175 az= 277.6 el= 16.1
3 sat=38 rs= -8294991.150 -23976355.875   2486807.993 dts= 0.0001897532 az= 186.8 el= 45.2
3 sat=39 rs=-12376673.429 -13590368.091  17691970.647 dts=-0.0000419300 az= 289.7 el= 63.1
3 sat=40 rs=-10303997.513   3918931.971  23050251.004 dts=-0.0000564558 az= 329.1 el= 19.7
3 sat=41 rs=-11280762.471 -12577438.733  19152168.823 dts= 0.0000148841 az= 303.1 el= 62.7
3 sat=42 rs=-23321810.138  -8592250.607   5555717.247 dts=-0.0000649858 az= 256.1 el= 21.5
3 sat=48 rs=  6987750.595  -9587533.851  22572772.844 dts=-0.0000094939 az=  36.5 el= 41.7
3 sat=60 rs= -8835530.407 -20481999.847  19455610.904 dts=-0.0010103684 az= 281.9 el= 82.1
3 sat=63 rs=-13414749.456 -18054298.246  19238224.505 dts=-0.0006747668 az= 278.5 el= 69.4
3 sat=68 rs=-16814036.806   4322491.162  23968861.268 dts= 0.0058217666 az= 316.3 el= 20.2
3 sat=73 rs=  6525801.993 -28210197.883  -2438449.100 dts=-0.0012706424 az= 143.1 el= 26.8
3 sat=78 rs=  -569167.762 -29561890.708   1333868.794 dts= 0.0001612757 az= 157.5 el= 41.0
3 sat=80 rs= 11055369.866 -12504996.503  24447328.752 dts=-0.0006390822 az=  47.4 el= 40.9
3 sat=90 rs=-24354157.979 -16597985.645   2713701.863 dts=-0.0004767740 az= 237.2 el= 28.8
3 y=
        0.000         8.899         0.000        13.858        14.585         9.729         0.000        13.245         8.588        17.170        14.832        12.887        19.931        10.601        15.288         0.000         0.000         0.000        10.860        10.605         4.840         0.000         9.981         2.413        15.099        12.212
        0.000         0.000         0.000         0.000         0.000         0.000         0.000         0.000         0.000         0.000        24.047        21.301        30.481         0.000        25.029         0.000         0.000         0.000         0.000         0.000         0.000         0.000         0.000         0.000         0.000         0.000
        0.000         2.265         0.000         6.837         2.919         0.909         0.000         5.105         5.274         8.622        10.278        11.945        10.267         4.848         8.561         0.000         0.000         0.000         1.110        -0.081         1.415         0.000         2.400         1.880         2.443         3.147
        0.000         0.000         0.000         0.000         0.000         0.000         0.000         0.000         0.000         0.000        13.609        14.919        12.350         0.000        10.063         0.000         0.000         0.000         0.000         0.000         0.000         0.000         0.000         0.000         0.000         0.000
3 selsat  : nu=24 nr=26
3 before udstate: x=-1276971.6823 -4717197.6459 4087248.5280 0.0000 0.0000 0.0000 0.0000 0.0000 0.0000
3 udstate : ns=19
3 udpos : tt=1.005
3 pos var too high for accel term: 3.6268
3 udbias  : tt=1.005 ns=19
3 after udstate x=-1276971.6823 -4717197.6459 4087248.5280 0.0000 0.0000 0.0000 0.0000 0.0000 0.0000
3 rover: dt=0.005
3 zdres: n=24 rr=-1276971.68 -4717197.65 4087248.53
3 unhealthy satellite: sat=7 svh=3f
3 y=
        0.000   1640155.809         0.000   1640164.313   1640153.494   1640151.744         0.000   1640157.470   1640133.179   1640162.093   1640169.465   1640186.037   1640167.193   1640164.835   1640163.291         0.000   1640176.705   1640149.630   1640147.592   1640147.556   1640156.807   1640148.315   1640149.899   1640154.090
        0.000   1640146.281         0.000   1640164.621   1640151.461         0.000         0.000   1640157.539   1640136.067         0.000   1640164.696   1640178.267   1640162.855         0.000   1640162.506         0.000   1640166.156         0.000         0.000         0.000         0.000         0.000         0.000         0.000
        0.000   1640153.392         0.000   1640158.945   1640154.440   1640151.892         0.000   1640156.663   1640156.735   1640164.937   1640167.787   1640169.231   1640166.387   1640160.148   1640164.419         0.000   1640164.091   1640149.648   1640147.894   1640149.181   1640150.739   1640149.541   1640151.239   1640152.035
        0.000   1640149.970         0.000   1640156.874   1640151.311         0.000         0.000   1640154.264   1640155.420         0.000   1640163.356   1640165.905   1640163.097         0.000   1640160.112         0.000   1640165.687         0.000         0.000         0.000         0.000         0.000         0.000         0.000
3 ddres   : dt=0.0050 ns=19
3 sat=  9-  4 L1 v=       -0.005 R= 0.000037  0.000042 lock= 0 x=-24.014 P=188.711
3 sat=  9-  8 L1 v=       -0.006 R= 0.000037  0.000093 lock= 0 x=-5.391 P=202.616
3 sat=  9- 16 L1 v=       -0.002 R= 0.000037  0.000063 lock= 0 x=-49.723 P=202.371
3 sat=  9- 27 L1 v=       -0.007 R= 0.000037  0.000067 lock= 0 x=-38.133 P=187.651
3 sat=  9- 30 L1 v=        0.135 R= 0.000037  0.000254 lock= 0 x=-140.568 P=900.000
3 sat=  9-  4 P1 v=        0.394 R= 3.337489  3.782739 lock= 0 x=-24.014 P=188.711
3 sat=  9-  8 P1 v=       -0.586 R= 3.337489  8.349635 lock= 0 x=-5.391 P=202.616
3 sat=  9- 16 P1 v=        0.539 R= 3.337489  5.638618 lock= 0 x=-49.723 P=202.371
3 sat=  9- 27 P1 v=       -0.037 R= 3.337489  6.046560 lock= 0 x=-38.133 P=187.651
3 sat=  9- 30 P1 v=        0.061 R= 3.337489 22.884498 lock= 0 x=-140.568 P=900.000
3 sat= 39- 38 L1 v=       -0.002 R= 0.000091  0.000121 lock= 0 x=-59.781 P=206.264
3 sat= 39- 40 L1 v=       -1.337 R= 0.000091  0.000398 lock= 0 x=84.017 P=900.000
3 sat= 39- 41 L1 v=        0.008 R= 0.000091  0.000092 lock= 0 x=-47.279 P=188.456
3 sat= 39- 42 L1 v=       -0.001 R= 0.000091  0.000343 lock= 0 x=-10.076 P=234.904
3 sat= 39- 48 L1 v=        0.002 R= 0.000091  0.000132 lock= 0 x=-43.371 P=220.087
3 sat= 39- 40 L2 v=       -0.910 R= 0.000091  0.000398 lock= 0 x=24.583 P=900.000
3 sat= 39- 41 L2 v=        0.003 R= 0.000091  0.000092 lock= 0 x=-73.830 P=301.819
3 sat= 39- 48 L2 v=       -0.008 R= 0.000091  0.000132 lock= 0 x=-52.700 P=311.798
3 sat= 39- 38 P1 v=        1.194 R= 8.234073 10.881015 lock= 0 x=-59.781 P=206.264
3 sat= 39- 40 P1 v=        0.223 R= 8.234073 35.835072 lock= 0 x=84.017 P=900.000
3 sat= 39- 41 P1 v=        1.390 R= 8.234073  8.269213 lock= 0 x=-47.279 P=188.456
3 sat= 39- 42 P1 v=        2.210 R= 8.234073 30.830669 lock= 0 x=-10.076 P=234.904
3 sat= 39- 48 P1 v=        1.651 R= 8.234073 11.886434 lock= 0 x=-43.371 P=220.087
3 sat= 39- 40 P2 v=       -1.239 R= 8.234073 35.835072 lock= 0 x=24.583 P=900.000
3 sat= 39- 41 P2 v=       -0.999 R= 8.234073  8.269213 lock= 0 x=-73.830 P=301.819
3 sat= 39- 48 P2 v=       -0.302 R= 8.234073 11.886434 lock= 0 x=-52.700 P=311.798
3 sat= 60- 63 L1 v=        0.003 R= 0.000036  0.000039 lock= 0 x=-59.329 P=197.365
3 sat= 60- 68 L1 v=        0.206 R= 0.000036  0.000170 lock= 0 x=-28.147 P=900.000
3 sat= 60- 73 L1 v=       -0.009 R= 0.000036  0.000106 lock= 0 x=-7.685 P=208.771
3 sat= 60- 78 L1 v=       -0.003 R= 0.000036  0.000060 lock= 0 x=-12.511 P=193.846
3 sat= 60- 80 L1 v=       -0.000 R= 0.000036  0.000060 lock= 0 x=-70.835 P=208.580
3 sat= 60- 90 L1 v=       -0.556 R= 0.000036  0.000096 lock= 0 x=-36.564 P=900.000
3 sat= 60- 63 P1 v=        0.562 R= 3.272191  3.471360 lock= 0 x=-59.329 P=197.365
3 sat= 60- 68 P1 v=        0.772 R= 3.272191 15.262101 lock= 0 x=-28.147 P=900.000
3 sat= 60- 73 P1 v=        0.199 R= 3.272191  9.532217 lock= 0 x=-7.685 P=208.771
3 sat= 60- 78 P1 v=        0.876 R= 3.272191  5.372856 lock= 0 x=-12.511 P=193.846
3 sat= 60- 80 P1 v=       -0.259 R= 3.272191  5.398669 lock= 0 x=-70.835 P=208.580
3 sat= 60- 90 P1 v=       -0.351 R= 3.272191  8.623933 lock= 0 x=-36.564 P=900.000
3 before filter x=-1276971.6823 -4717197.6459 4087248.5280 0.0000 0.0000 0.0000 0.0000 0.0000 0.0000
3 after filter x=-1276971.6561 -4717197.7658 4087248.5768 -0.0046 0.0013 0.0051 0.0000 0.0000 0.0000
3 posvar=1.764435 
3 zdres: n=24 rr=-1276971.66 -4717197.77 4087248.58
3 unhealthy satellite: sat=7 svh=3f
3 y=
        0.000   1640155.939         0.000   1640164.421   1640153.590   1640151.832         0.000   1640157.588   1640133.153   1640162.193   1640169.538   1640186.022   1640167.265   1640164.834   1640163.373         0.000   1640176.780   1640149.735   1640147.677   1640147.537   1640156.912   1640148.430   1640149.989   1640154.119
        0.000   1640146.411         0.000   1640164.730   1640151.557         0.000         0.000   1640157.657   1640136.041         0.000   1640164.769   1640178.252   1640162.927         0.000   1640162.588         0.000   1640166.232         0.000         0.000         0.000         0.000         0.000         0.000         0.000
        0.000   1640153.522         0.000   1640159.053   1640154.537   1640151.980         0.000   1640156.782   1640156.708   1640165.037   1640167.860   1640169.216   1640166.459   1640160.146   1640164.501         0.000   1640164.167   1640149.753   1640147.980   1640149.161   1640150.844   1640149.656   1640151.329   1640152.064
        0.000   1640150.100         0.000   1640156.982   1640151.408         0.000         0.000   1640154.383   1640155.393         0.000   1640163.429   1640165.890   1640163.169         0.000   1640160.194         0.000   1640165.763         0.000         0.000         0.000         0.000         0.000         0.000         0.000
3 ddres   : dt=0.0050 ns=19
3 sat=  9-  4 L1 v=        0.000 R= 0.000037  0.000042 lock= 0 x=-23.658 P=158.612
3 sat=  9-  8 L1 v=        0.001 R= 0.000037  0.000093 lock= 0 x=-5.134 P=162.630
3 sat=  9- 16 L1 v=        0.001 R= 0.000037  0.000063 lock= 0 x=-49.599 P=162.793
3 sat=  9- 27 L1 v=        0.000 R= 0.000037  0.000067 lock= 0 x=-37.828 P=158.448
3 sat=  9- 30 L1 v=        0.000 R= 0.000037  0.000254 lock= 0 x=-141.764 P=199.304
3 sat=  9-  4 P1 v=        0.361 R= 3.337489  3.782739 lock= 0 x=-23.658 P=158.612
3 sat=  9-  8 P1 v=       -0.599 R= 3.337489  8.349635 lock= 0 x=-5.134 P=162.630
3 sat=  9- 16 P1 v=        0.547 R= 3.337489  5.638618 lock= 0 x=-49.599 P=162.793
3 sat=  9- 27 P1 v=       -0.059 R= 3.337489  6.046560 lock= 0 x=-37.828 P=158.448
3 sat=  9- 30 P1 v=        0.183 R= 3.337489 22.884498 lock= 0 x=-141.764 P=199.304
3 sat= 39- 38 L1 v=        0.002 R= 0.000091  0.000121 lock= 0 x=-60.702 P=169.288
3 sat= 39- 40 L1 v=        0.002 R= 0.000091  0.000398 lock= 0 x=89.628 P=173.620
3 sat= 39- 41 L1 v=        0.004 R= 0.000091  0.000092 lock= 0 x=-48.391 P=155.962
3 sat= 39- 42 L1 v=       -0.000 R= 0.000091  0.000343 lock= 0 x=-11.551 P=171.557
3 sat= 39- 48 L1 v=        0.002 R= 0.000091  0.000132 lock= 0 x=-44.404 P=169.007
3 sat= 39- 40 L2 v=       -0.000 R= 0.000091  0.000398 lock= 0 x=27.136 P=237.860
3 sat= 39- 41 L2 v=        0.001 R= 0.000091  0.000092 lock= 0 x=-74.709 P=227.526
3 sat= 39- 48 L2 v=       -0.003 R= 0.000091  0.000132 lock= 0 x=-53.509 P=230.930
3 sat= 39- 38 P1 v=        1.168 R= 8.234073 10.881015 lock= 0 x=-60.702 P=169.288
3 sat= 39- 40 P1 v=        0.312 R= 8.234073 35.835072 lock= 0 x=89.628 P=173.620
3 sat= 39- 41 P1 v=        1.391 R= 8.234073  8.269213 lock= 0 x=-48.391 P=155.962
3 sat= 39- 42 P1 v=        2.285 R= 8.234073 30.830669 lock= 0 x=-11.551 P=171.557
3 sat= 39- 48 P1 v=        1.642 R= 8.234073 11.886434 lock= 0 x=-44.404 P=169.007
3 sat= 39- 40 P2 v=       -1.150 R= 8.234073 35.835072 lock= 0 x=27.136 P=237.860
3 sat= 39- 41 P2 v=       -0.998 R= 8.234073  8.269213 lock= 0 x=-74.709 P=227.526
3 sat= 39- 48 P2 v=       -0.311 R= 8.234073 11.886434 lock= 0 x=-53.509 P=230.930
3 sat= 60- 63 L1 v=        0.001 R= 0.000036  0.000039 lock= 0 x=-59.543 P=137.630
3 sat= 60- 68 L1 v=        0.001 R= 0.000036  0.000170 lock= 0 x=-29.986 P=162.397
3 sat= 60- 73 L1 v=       -0.000 R= 0.000036  0.000106 lock= 0 x=-7.743 P=146.903
3 sat= 60- 78 L1 v=        0.001 R= 0.000036  0.000060 lock= 0 x=-12.540 P=140.155
3 sat= 60- 80 L1 v=        0.001 R= 0.000036  0.000060 lock= 0 x=-71.011 P=146.761
3 sat= 60- 90 L1 v=        0.001 R= 0.000036  0.000096 lock= 0 x=-34.143 P=146.831
3 sat= 60- 63 P1 v=        0.581 R= 3.272191  3.471360 lock= 0 x=-59.543 P=137.630
3 sat= 60- 68 P1 v=        0.896 R= 3.272191 15.262101 lock= 0 x=-29.986 P=162.397
3 sat= 60- 73 P1 v=        0.199 R= 3.272191  9.532217 lock= 0 x=-7.743 P=146.903
3 sat= 60- 78 P1 v=        0.867 R= 3.272191  5.372856 lock= 0 x=-12.540 P=140.155
3 sat= 60- 80 P1 v=       -0.244 R= 3.272191  5.398669 lock= 0 x=-71.011 P=146.761
3 sat= 60- 90 P1 v=       -0.275 R= 3.272191  8.623933 lock= 0 x=-34.143 P=146.831
3 valpos  : nv=38 thres=4.0
3 posvar=1.764435
3 prevRatios = 0.000 0.000
3 Skip AR
3 sol_rr=    -1276971.656    -4717197.766     4087248.577          -0.005           0.001           0.005
1 
---------------------------------------------------------
1 relpos: dt=0.005 nu=24 nr=26
1 ---------------------------------------------------------
3 satposs  : teph= 2020/12/24 22:08:02.005 n=24 ephopt=0
3 satposs  : teph= 2020/12/24 22:08:02.000 n=26 ephopt=0
3 base station:
3 zdres: n=26 rr=-1283433.94 -4713073.29 4090105.09
3 sat= 4 rs=   -30500.807 -24807507.299   9421988.235 dts=-0.0001671607 az= 141.7 el= 59.8
3 unhealthy satellite: sat=7 svh=3f
3 sat= 8 rs=  5084231.025 -25892354.854   -938111.695 dts=-0.0000040917 az= 143.7 el= 29.3
3 sat= 9 rs= -9333497.955 -17064873.007  18011295.072 dts=-0.0003052093 az= 289.5 el= 76.3
3 sat=16 rs=  9861213.020 -11091310.414  21775812.341 dts=-0.0002551586 az=  47.4 el= 39.4
3 sat=27 rs= 12305702.347 -20723942.123  10597986.781 dts=-0.0000418400 az=  98.8 el= 37.1
3 sat=30 rs=-24359817.546  -1704443.914  10758115.378 dts=-0.0003578175 az= 277.6 el= 16.1
3 sat=38 rs= -8295220.405 -23976645.700   2483267.024 dts= 0.0001897532 az= 186.8 el= 45.2
3 sat=39 rs=-12377399.908 -13592676.219  17689681.086 dts=-0.0000419300 az= 289.7 el= 63.1
3 sat=40 rs=-10304806.197   3915895.016  23050403.878 dts=-0.0000564558 az= 329.1 el= 19.7
3 sat=41 rs=-11278245.477 -12576727.627  19154113.521 dts= 0.0000148841 az= 303.1 el= 62.7
3 sat=42 rs=-23321106.213  -8591918.442   5559186.275 dts=-0.0000649858 az= 256.1 el= 21.5
3 sat=48 rs=  6990766.658  -9586844.815  22572144.519 dts=-0.0000094939 az=  36.5 el= 41.7
3 sat=60 rs= -8833890.995 -20480936.903  19457475.398 dts=-0.0010103684 az= 282.0 el= 82.1
3 sat=63 rs=-13414746.655 -18056227.845  19236415.628 dts=-0.0006747668 az= 278.5 el= 69.4
3 sat=68 rs=-16814012.251   4320086.654  23969312.941 dts= 0.0058217665 az= 316.3 el= 20.2
3 sat=73 rs=  6525892.053 -28209815.993  -2435648.591 dts=-0.0012706424 az= 143.1 el= 26.8
3 sat=78 rs=  -569218.591 -29562025.337   1330867.479 dts= 0.0001612757 az= 157.5 el= 41.0
3 sat=80 rs= 11057484.857 -12503753.367  24447008.762 dts=-0.0006390822 az=  47.4 el= 40.9
3 sat=90 rs=-24353982.322 -16597749.701   2716731.269 dts=-0.0004767740 az= 237.2 el= 28.8
3 y=
        0.000         8.982         0.000        13.941        14.669         9.812         0.000        13.327         8.672        17.256        14.912        12.966        20.018        10.692        15.376         0.000         0.000         0.000        10.944        10.688         4.924         0.000        10.065         2.497        15.182        12.298
        0.000         0.000         0.000         0.000         0.000         0.000         0.000         0.000         0.000         0.000        24.126        21.377        30.568         0.000        25.116         0.000         0.000         0.000         0.000         0.000         0.000         0.000         0.000         0.000         0.000         0.000
        0.000         2.318         0.000         6.988         2.979         0.989         0.000         5.209         5.333         8.812        10.364        12.200        10.348         4.943         8.606         0.000         0.000         0.000         1.205         0.020         1.534         0.000         2.487         1.985         2.541         3.300
        0.000         0.000         0.000         0.000         0.000         0.000         0.000         0.000         0.000         0.000        13.703        14.991        12.449         0.000         9.956         0.000         0.000         0.000         0.000         0.000         0.000         0.000         0.000         0.000         0.000         0.000
3 selsat  : nu=24 nr=26
3 before udstate: x=-1276971.6561 -4717197.7658 4087248.5768 -0.0046 0.0013 0.0051 0.0000 0.0000 0.0000
3 udstate : ns=19
3 udpos : tt=1.000
3 pos var too high for accel term: 1.7644
3 udbias  : tt=1.000 ns=19
3 after udstate x=-1276971.6606 -4717197.7644 4087248.5819 -0.0046 0.0013 0.0051 0.0000 0.0000 0.0000
3 rover: dt=0.005
3 zdres: n=24 rr=-1276971.66 -4717197.76 4087248.58
3 unhealthy satellite: sat=7 svh=3f
